cs478proj3app1and2_SaiTejaKarnati/cs478proj3/app/build/intermediates/manifest_merge_blame_file/debug/manifest-merger-blame-debug-report.txt
1<?xml version="1.0" encoding="utf-8"?>
2<manifest xmlns:android="http://schemas.android.com/apk/res/android"
3    package="com.example.cs478proj3"
4    android:versionCode="1"
5    android:versionName="1.0" >
6
7    <uses-sdk
8        android:minSdkVersion="28"
8-->src\main\AndroidManifest.xml
9        android:targetSdkVersion="29" />
9-->src\main\AndroidManifest.xml
10
11    <permission
11-->src\main\AndroidManifest.xml:8:5-12:47
12        android:name="com.cs478.project3"
12-->src\main\AndroidManifest.xml:9:9-42
13        android:description="@string/permlab_deadlyActivity"
13-->src\main\AndroidManifest.xml:10:9-61
14        android:label="new permission"
14-->src\main\AndroidManifest.xml:11:9-39
15        android:protectionLevel="dangerous" />
15-->src\main\AndroidManifest.xml:12:9-44
16
17    <uses-permission android:name="com.cs478.project3" />
17-->src\main\AndroidManifest.xml:14:5-74
17-->src\main\AndroidManifest.xml:14:22-55
18
19    <application
19-->src\main\AndroidManifest.xml:16:5-31:19
20        android:allowBackup="true"
20-->src\main\AndroidManifest.xml:18:9-35
21        android:appComponentFactory="androidx.core.app.CoreComponentFactory"
21-->[androidx.core:core:1.0.1] AndroidManifest.xml:22:18-86
22        android:debuggable="true"
23        android:icon="@mipmap/ic_launcher"
23-->src\main\AndroidManifest.xml:19:9-43
24        android:label="@string/app_name"
24-->src\main\AndroidManifest.xml:20:9-41
25        android:roundIcon="@mipmap/ic_launcher_round"
25-->src\main\AndroidManifest.xml:21:9-54
26        android:supportsRtl="true"
26-->src\main\AndroidManifest.xml:22:9-35
27        android:testOnly="true"
28        android:theme="@style/AppTheme" >
28-->src\main\AndroidManifest.xml:23:9-40
29        <activity android:name="com.example.cs478proj3.MainActivity" >
29-->src\main\AndroidManifest.xml:24:9-30:20
29-->src\main\AndroidManifest.xml:24:19-47
30            <intent-filter>
30-->src\main\AndroidManifest.xml:25:13-29:29
31                <action android:name="android.intent.action.MAIN" />
31-->src\main\AndroidManifest.xml:26:17-69
31-->src\main\AndroidManifest.xml:26:25-66
32
33                <category android:name="android.intent.category.LAUNCHER" />
33-->src\main\AndroidManifest.xml:28:17-77
33-->src\main\AndroidManifest.xml:28:27-74
34            </intent-filter>
35        </activity>
36    </application>
37
38</manifest>